<!DOCTYPE html>
<html>
  <head>
    <meta charset="utf-8"/>
    <title>ParamsReports.html</title>
    <link href="assets/style.css" rel="stylesheet" type="text/css"/></head>
  <body onLoad="init()">
    <script>/* This Source Code Form is subject to the terms of the Mozilla Public
 * License, v. 2.0. If a copy of the MPL was not distributed with this file,
 * You can obtain one at http://mozilla.org/MPL/2.0/. */


function toArray(iter) {
    if (iter === null) {
        return null;
    }
    return Array.prototype.slice.call(iter);
}

function find(selector, elem) { // eslint-disable-line no-redeclare
    if (!elem) {
        elem = document;
    }
    return elem.querySelector(selector);
}

function findAll(selector, elem) {
    if (!elem) {
        elem = document;
    }
    return toArray(elem.querySelectorAll(selector));
}

function sortColumn(elem) {
    toggleSortStates(elem);
    const colIndex = toArray(elem.parentNode.childNodes).indexOf(elem);
    let key;
    if (elem.classList.contains('result')) {
        key = keyResult;
    } else if (elem.classList.contains('links')) {
        key = keyLink;
    } else {
        key = keyAlpha;
    }
    sortTable(elem, key(colIndex));
}

function showAllExtras() { // eslint-disable-line no-unused-vars
    findAll('.col-result').forEach(showExtras);
}

function hideAllExtras() { // eslint-disable-line no-unused-vars
    findAll('.col-result').forEach(hideExtras);
}

function showExtras(colresultElem) {
    const extras = colresultElem.parentNode.nextElementSibling;
    const expandcollapse = colresultElem.firstElementChild;
    extras.classList.remove('collapsed');
    expandcollapse.classList.remove('expander');
    expandcollapse.classList.add('collapser');
}

function hideExtras(colresultElem) {
    const extras = colresultElem.parentNode.nextElementSibling;
    const expandcollapse = colresultElem.firstElementChild;
    extras.classList.add('collapsed');
    expandcollapse.classList.remove('collapser');
    expandcollapse.classList.add('expander');
}

function showFilters() {
    let visibleString = getQueryParameter('visible') || 'all';
    visibleString = visibleString.toLowerCase();
    const checkedItems = visibleString.split(',');

    const filterItems = document.getElementsByClassName('filter');
    for (let i = 0; i < filterItems.length; i++) {
        filterItems[i].hidden = false;

        if (visibleString != 'all') {
            filterItems[i].checked = checkedItems.includes(filterItems[i].getAttribute('data-test-result'));
            filterTable(filterItems[i]);
        }
    }
}

function addCollapse() {
    // Add links for show/hide all
    const resulttable = find('table#results-table');
    const showhideall = document.createElement('p');
    showhideall.innerHTML = '<a href="javascript:showAllExtras()">Show all details</a> / ' +
                            '<a href="javascript:hideAllExtras()">Hide all details</a>';
    resulttable.parentElement.insertBefore(showhideall, resulttable);

    // Add show/hide link to each result
    findAll('.col-result').forEach(function(elem) {
        const collapsed = getQueryParameter('collapsed') || 'Passed';
        const extras = elem.parentNode.nextElementSibling;
        const expandcollapse = document.createElement('span');
        if (extras.classList.contains('collapsed')) {
            expandcollapse.classList.add('expander');
        } else if (collapsed.includes(elem.innerHTML)) {
            extras.classList.add('collapsed');
            expandcollapse.classList.add('expander');
        } else {
            expandcollapse.classList.add('collapser');
        }
        elem.appendChild(expandcollapse);

        elem.addEventListener('click', function(event) {
            if (event.currentTarget.parentNode.nextElementSibling.classList.contains('collapsed')) {
                showExtras(event.currentTarget);
            } else {
                hideExtras(event.currentTarget);
            }
        });
    });
}

function getQueryParameter(name) {
    const match = RegExp('[?&]' + name + '=([^&]*)').exec(window.location.search);
    return match && decodeURIComponent(match[1].replace(/\+/g, ' '));
}

function init () { // eslint-disable-line no-unused-vars
    resetSortHeaders();

    addCollapse();

    showFilters();

    sortColumn(find('.initial-sort'));

    findAll('.sortable').forEach(function(elem) {
        elem.addEventListener('click',
            function() {
                sortColumn(elem);
            }, false);
    });
}

function sortTable(clicked, keyFunc) {
    const rows = findAll('.results-table-row');
    const reversed = !clicked.classList.contains('asc');
    const sortedRows = sort(rows, keyFunc, reversed);
    /* Whole table is removed here because browsers acts much slower
     * when appending existing elements.
     */
    const thead = document.getElementById('results-table-head');
    document.getElementById('results-table').remove();
    const parent = document.createElement('table');
    parent.id = 'results-table';
    parent.appendChild(thead);
    sortedRows.forEach(function(elem) {
        parent.appendChild(elem);
    });
    document.getElementsByTagName('BODY')[0].appendChild(parent);
}

function sort(items, keyFunc, reversed) {
    const sortArray = items.map(function(item, i) {
        return [keyFunc(item), i];
    });

    sortArray.sort(function(a, b) {
        const keyA = a[0];
        const keyB = b[0];

        if (keyA == keyB) return 0;

        if (reversed) {
            return keyA < keyB ? 1 : -1;
        } else {
            return keyA > keyB ? 1 : -1;
        }
    });

    return sortArray.map(function(item) {
        const index = item[1];
        return items[index];
    });
}

function keyAlpha(colIndex) {
    return function(elem) {
        return elem.childNodes[1].childNodes[colIndex].firstChild.data.toLowerCase();
    };
}

function keyLink(colIndex) {
    return function(elem) {
        const dataCell = elem.childNodes[1].childNodes[colIndex].firstChild;
        return dataCell == null ? '' : dataCell.innerText.toLowerCase();
    };
}

function keyResult(colIndex) {
    return function(elem) {
        const strings = ['Error', 'Failed', 'Rerun', 'XFailed', 'XPassed',
            'Skipped', 'Passed'];
        return strings.indexOf(elem.childNodes[1].childNodes[colIndex].firstChild.data);
    };
}

function resetSortHeaders() {
    findAll('.sort-icon').forEach(function(elem) {
        elem.parentNode.removeChild(elem);
    });
    findAll('.sortable').forEach(function(elem) {
        const icon = document.createElement('div');
        icon.className = 'sort-icon';
        icon.textContent = 'vvv';
        elem.insertBefore(icon, elem.firstChild);
        elem.classList.remove('desc', 'active');
        elem.classList.add('asc', 'inactive');
    });
}

function toggleSortStates(elem) {
    //if active, toggle between asc and desc
    if (elem.classList.contains('active')) {
        elem.classList.toggle('asc');
        elem.classList.toggle('desc');
    }

    //if inactive, reset all other functions and add ascending active
    if (elem.classList.contains('inactive')) {
        resetSortHeaders();
        elem.classList.remove('inactive');
        elem.classList.add('active');
    }
}

function isAllRowsHidden(value) {
    return value.hidden == false;
}

function filterTable(elem) { // eslint-disable-line no-unused-vars
    const outcomeAtt = 'data-test-result';
    const outcome = elem.getAttribute(outcomeAtt);
    const classOutcome = outcome + ' results-table-row';
    const outcomeRows = document.getElementsByClassName(classOutcome);

    for(let i = 0; i < outcomeRows.length; i++){
        outcomeRows[i].hidden = !elem.checked;
    }

    const rows = findAll('.results-table-row').filter(isAllRowsHidden);
    const allRowsHidden = rows.length == 0 ? true : false;
    const notFoundMessage = document.getElementById('not-found-message');
    notFoundMessage.hidden = !allRowsHidden;
}
</script>
    <h1>ParamsReports.html</h1>
    <p>Report generated on 07-Aug-2023 at 18:02:36 by <a href="https://pypi.python.org/pypi/pytest-html">pytest-html</a> v3.2.0</p>
    <h2>Environment</h2>
    <table id="environment">
      <tr>
        <td>Environment</td>
        <td>Test</td></tr>
      <tr>
        <td>JAVA_HOME</td>
        <td>C:\Program Files\Java\jdk-11</td></tr>
      <tr>
        <td>Module Name</td>
        <td>Employee</td></tr>
      <tr>
        <td>Platform</td>
        <td>Windows-10-10.0.22621-SP0</td></tr>
      <tr>
        <td>Project Name</td>
        <td>OrangeHRM</td></tr>
      <tr>
        <td>Python</td>
        <td>3.11.3</td></tr>
      <tr>
        <td>Tester</td>
        <td>Prince</td></tr></table>
    <h2>Summary</h2>
    <p>8 tests ran in 177.91 seconds. </p>
    <p class="filter" hidden="true">(Un)check the boxes to filter the results.</p><input checked="true" class="filter" data-test-result="passed" hidden="true" name="filter_checkbox" onChange="filterTable(this)" type="checkbox"/><span class="passed">2 passed</span>, <input checked="true" class="filter" data-test-result="skipped" disabled="true" hidden="true" name="filter_checkbox" onChange="filterTable(this)" type="checkbox"/><span class="skipped">0 skipped</span>, <input checked="true" class="filter" data-test-result="failed" hidden="true" name="filter_checkbox" onChange="filterTable(this)" type="checkbox"/><span class="failed">6 failed</span>, <input checked="true" class="filter" data-test-result="error" disabled="true" hidden="true" name="filter_checkbox" onChange="filterTable(this)" type="checkbox"/><span class="error">0 errors</span>, <input checked="true" class="filter" data-test-result="xfailed" disabled="true" hidden="true" name="filter_checkbox" onChange="filterTable(this)" type="checkbox"/><span class="xfailed">0 expected failures</span>, <input checked="true" class="filter" data-test-result="xpassed" disabled="true" hidden="true" name="filter_checkbox" onChange="filterTable(this)" type="checkbox"/><span class="xpassed">0 unexpected passes</span>
    <h2>Results</h2>
    <table id="results-table">
      <thead id="results-table-head">
        <tr>
          <th class="sortable result initial-sort" col="result">Result</th>
          <th class="sortable" col="name">Test</th>
          <th class="sortable" col="duration">Duration</th>
          <th class="sortable links" col="links">Links</th></tr>
        <tr hidden="true" id="not-found-message">
          <th colspan="4">No results found. Try to check the filters</th></tr></thead>
      <tbody class="failed results-table-row">
        <tr>
          <td class="col-result">Failed</td>
          <td class="col-name">testCases/test_Login_Params.py::Test_ReadCommonValues::test_login_008[getDataForLogin1]</td>
          <td class="col-duration">20.93</td>
          <td class="col-links"></td></tr>
        <tr>
          <td class="extra" colspan="4">
            <div class="log">self = &lt;PageObject.LoginPage.LoginPage object at 0x0000024346181910&gt;<br/><br/>    def login_Status(self):<br/>        try:<br/>&gt;           self.driver.find_element(*LoginPage.XPATH_Menu_Button)<br/><br/>PageObject\LoginPage.py:32: <br/>_ _ _ _ _ _ _ _ _ _ _ _ _ _ _ _ _ _ _ _ _ _ _ _ _ _ _ _ _ _ _ _ _ _ _ _ _ _ _ _ <br/>C:\Users\princ\AppData\Local\Programs\Python\Python311\Lib\site-packages\selenium\webdriver\remote\webdriver.py:740: in find_element<br/>    return self.execute(Command.FIND_ELEMENT, {&quot;using&quot;: by, &quot;value&quot;: value})[&quot;value&quot;]<br/>C:\Users\princ\AppData\Local\Programs\Python\Python311\Lib\site-packages\selenium\webdriver\remote\webdriver.py:346: in execute<br/>    self.error_handler.check_response(response)<br/>_ _ _ _ _ _ _ _ _ _ _ _ _ _ _ _ _ _ _ _ _ _ _ _ _ _ _ _ _ _ _ _ _ _ _ _ _ _ _ _ <br/><br/>self = &lt;selenium.webdriver.remote.errorhandler.ErrorHandler object at 0x0000024346180510&gt;<br/>response = {&#x27;status&#x27;: 404, &#x27;value&#x27;: &#x27;{&quot;value&quot;:{&quot;error&quot;:&quot;no such element&quot;,&quot;message&quot;:&quot;no such element: Unable to locate element: {\...07FF708E738E3]\\n\\tBaseThreadInitThunk [0x00007FFF328D26AD+29]\\n\\tRtlUserThreadStart [0x00007FFF32BEAA68+40]\\n&quot;}}&#x27;}<br/><br/>    def check_response(self, response: Dict[str, Any]) -&gt; None:<br/>        &quot;&quot;&quot;Checks that a JSON response from the WebDriver does not have an<br/>        error.<br/>    <br/>        :Args:<br/>         - response - The JSON response from the WebDriver server as a dictionary<br/>           object.<br/>    <br/>        :Raises: If the response contains an error message.<br/>        &quot;&quot;&quot;<br/>        status = response.get(&quot;status&quot;, None)<br/>        if not status or status == ErrorCode.SUCCESS:<br/>            return<br/>        value = None<br/>        message = response.get(&quot;message&quot;, &quot;&quot;)<br/>        screen: str = response.get(&quot;screen&quot;, &quot;&quot;)<br/>        stacktrace = None<br/>        if isinstance(status, int):<br/>            value_json = response.get(&quot;value&quot;, None)<br/>            if value_json and isinstance(value_json, str):<br/>                import json<br/>    <br/>                try:<br/>                    value = json.loads(value_json)<br/>                    if len(value) == 1:<br/>                        value = value[&quot;value&quot;]<br/>                    status = value.get(&quot;error&quot;, None)<br/>                    if not status:<br/>                        status = value.get(&quot;status&quot;, ErrorCode.UNKNOWN_ERROR)<br/>                        message = value.get(&quot;value&quot;) or value.get(&quot;message&quot;)<br/>                        if not isinstance(message, str):<br/>                            value = message<br/>                            message = message.get(&quot;message&quot;)<br/>                    else:<br/>                        message = value.get(&quot;message&quot;, None)<br/>                except ValueError:<br/>                    pass<br/>    <br/>        exception_class: Type[WebDriverException]<br/>        if status in ErrorCode.NO_SUCH_ELEMENT:<br/>            exception_class = NoSuchElementException<br/>        elif status in ErrorCode.NO_SUCH_FRAME:<br/>            exception_class = NoSuchFrameException<br/>        elif status in ErrorCode.NO_SUCH_SHADOW_ROOT:<br/>            exception_class = NoSuchShadowRootException<br/>        elif status in ErrorCode.NO_SUCH_WINDOW:<br/>            exception_class = NoSuchWindowException<br/>        elif status in ErrorCode.STALE_ELEMENT_REFERENCE:<br/>            exception_class = StaleElementReferenceException<br/>        elif status in ErrorCode.ELEMENT_NOT_VISIBLE:<br/>            exception_class = ElementNotVisibleException<br/>        elif status in ErrorCode.INVALID_ELEMENT_STATE:<br/>            exception_class = InvalidElementStateException<br/>        elif (<br/>            status in ErrorCode.INVALID_SELECTOR<br/>            or status in ErrorCode.INVALID_XPATH_SELECTOR<br/>            or status in ErrorCode.INVALID_XPATH_SELECTOR_RETURN_TYPER<br/>        ):<br/>            exception_class = InvalidSelectorException<br/>        elif status in ErrorCode.ELEMENT_IS_NOT_SELECTABLE:<br/>            exception_class = ElementNotSelectableException<br/>        elif status in ErrorCode.ELEMENT_NOT_INTERACTABLE:<br/>            exception_class = ElementNotInteractableException<br/>        elif status in ErrorCode.INVALID_COOKIE_DOMAIN:<br/>            exception_class = InvalidCookieDomainException<br/>        elif status in ErrorCode.UNABLE_TO_SET_COOKIE:<br/>            exception_class = UnableToSetCookieException<br/>        elif status in ErrorCode.TIMEOUT:<br/>            exception_class = TimeoutException<br/>        elif status in ErrorCode.SCRIPT_TIMEOUT:<br/>            exception_class = TimeoutException<br/>        elif status in ErrorCode.UNKNOWN_ERROR:<br/>            exception_class = WebDriverException<br/>        elif status in ErrorCode.UNEXPECTED_ALERT_OPEN:<br/>            exception_class = UnexpectedAlertPresentException<br/>        elif status in ErrorCode.NO_ALERT_OPEN:<br/>            exception_class = NoAlertPresentException<br/>        elif status in ErrorCode.IME_NOT_AVAILABLE:<br/>            exception_class = ImeNotAvailableException<br/>        elif status in ErrorCode.IME_ENGINE_ACTIVATION_FAILED:<br/>            exception_class = ImeActivationFailedException<br/>        elif status in ErrorCode.MOVE_TARGET_OUT_OF_BOUNDS:<br/>            exception_class = MoveTargetOutOfBoundsException<br/>        elif status in ErrorCode.JAVASCRIPT_ERROR:<br/>            exception_class = JavascriptException<br/>        elif status in ErrorCode.SESSION_NOT_CREATED:<br/>            exception_class = SessionNotCreatedException<br/>        elif status in ErrorCode.INVALID_ARGUMENT:<br/>            exception_class = InvalidArgumentException<br/>        elif status in ErrorCode.NO_SUCH_COOKIE:<br/>            exception_class = NoSuchCookieException<br/>        elif status in ErrorCode.UNABLE_TO_CAPTURE_SCREEN:<br/>            exception_class = ScreenshotException<br/>        elif status in ErrorCode.ELEMENT_CLICK_INTERCEPTED:<br/>            exception_class = ElementClickInterceptedException<br/>        elif status in ErrorCode.INSECURE_CERTIFICATE:<br/>            exception_class = InsecureCertificateException<br/>        elif status in ErrorCode.INVALID_COORDINATES:<br/>            exception_class = InvalidCoordinatesException<br/>        elif status in ErrorCode.INVALID_SESSION_ID:<br/>            exception_class = InvalidSessionIdException<br/>        elif status in ErrorCode.UNKNOWN_METHOD:<br/>            exception_class = UnknownMethodException<br/>        else:<br/>            exception_class = WebDriverException<br/>        if not value:<br/>            value = response[&quot;value&quot;]<br/>        if isinstance(value, str):<br/>            raise exception_class(value)<br/>        if message == &quot;&quot; and &quot;message&quot; in value:<br/>            message = value[&quot;message&quot;]<br/>    <br/>        screen = None  # type: ignore[assignment]<br/>        if &quot;screen&quot; in value:<br/>            screen = value[&quot;screen&quot;]<br/>    <br/>        stacktrace = None<br/>        st_value = value.get(&quot;stackTrace&quot;) or value.get(&quot;stacktrace&quot;)<br/>        if st_value:<br/>            if isinstance(st_value, str):<br/>                stacktrace = st_value.split(&quot;\n&quot;)<br/>            else:<br/>                stacktrace = []<br/>                try:<br/>                    for frame in st_value:<br/>                        line = frame.get(&quot;lineNumber&quot;, &quot;&quot;)<br/>                        file = frame.get(&quot;fileName&quot;, &quot;&lt;anonymous&gt;&quot;)<br/>                        if line:<br/>                            file = f&quot;{file}:{line}&quot;<br/>                        meth = frame.get(&quot;methodName&quot;, &quot;&lt;anonymous&gt;&quot;)<br/>                        if &quot;className&quot; in frame:<br/>                            meth = f&quot;{frame[&#x27;className&#x27;]}.{meth}&quot;<br/>                        msg = &quot;    at %s (%s)&quot;<br/>                        msg = msg % (meth, file)<br/>                        stacktrace.append(msg)<br/>                except TypeError:<br/>                    pass<br/>        if exception_class == UnexpectedAlertPresentException:<br/>            alert_text = None<br/>            if &quot;data&quot; in value:<br/>                alert_text = value[&quot;data&quot;].get(&quot;text&quot;)<br/>            elif &quot;alert&quot; in value:<br/>                alert_text = value[&quot;alert&quot;].get(&quot;text&quot;)<br/>            raise exception_class(message, screen, stacktrace, alert_text)  # type: ignore[call-arg]  # mypy is not smart enough here<br/>&gt;       raise exception_class(message, screen, stacktrace)<br/><span class="error">E       selenium.common.exceptions.NoSuchElementException: Message: no such element: Unable to locate element: {&quot;method&quot;:&quot;xpath&quot;,&quot;selector&quot;:&quot;//span[@class=&#x27;oxd-userdropdown-tab&#x27;]&quot;}</span><br/><span class="error">E         (Session info: headless chrome=115.0.5790.170); For documentation on this error, please visit: https://www.selenium.dev/documentation/webdriver/troubleshooting/errors#no-such-element-exception</span><br/><span class="error">E       Stacktrace:</span><br/><span class="error">E       Backtrace:</span><br/><span class="error">E       	GetHandleVerifier [0x00007FF708F03E62+57250]</span><br/><span class="error">E       	(No symbol) [0x00007FF708E7BC02]</span><br/><span class="error">E       	(No symbol) [0x00007FF708D4E0BB]</span><br/><span class="error">E       	(No symbol) [0x00007FF708D8765E]</span><br/><span class="error">E       	(No symbol) [0x00007FF708D8774C]</span><br/><span class="error">E       	(No symbol) [0x00007FF708DC0267]</span><br/><span class="error">E       	(No symbol) [0x00007FF708DA67EF]</span><br/><span class="error">E       	(No symbol) [0x00007FF708DBE312]</span><br/><span class="error">E       	(No symbol) [0x00007FF708DA6583]</span><br/><span class="error">E       	(No symbol) [0x00007FF708D7CC71]</span><br/><span class="error">E       	(No symbol) [0x00007FF708D7DE54]</span><br/><span class="error">E       	GetHandleVerifier [0x00007FF7091B4CF2+2879026]</span><br/><span class="error">E       	GetHandleVerifier [0x00007FF709206F30+3215472]</span><br/><span class="error">E       	GetHandleVerifier [0x00007FF7091FFD4F+3186319]</span><br/><span class="error">E       	GetHandleVerifier [0x00007FF708F95505+652869]</span><br/><span class="error">E       	(No symbol) [0x00007FF708E87518]</span><br/><span class="error">E       	(No symbol) [0x00007FF708E835F4]</span><br/><span class="error">E       	(No symbol) [0x00007FF708E836EC]</span><br/><span class="error">E       	(No symbol) [0x00007FF708E738E3]</span><br/><span class="error">E       	BaseThreadInitThunk [0x00007FFF328D26AD+29]</span><br/><span class="error">E       	RtlUserThreadStart [0x00007FFF32BEAA68+40]</span><br/><br/>C:\Users\princ\AppData\Local\Programs\Python\Python311\Lib\site-packages\selenium\webdriver\remote\errorhandler.py:245: NoSuchElementException<br/><br/>During handling of the above exception, another exception occurred:<br/><br/>self = &lt;testCases.test_Login_Params.Test_ReadCommonValues object at 0x0000024346164250&gt;<br/>setup = &lt;selenium.webdriver.chrome.webdriver.WebDriver (session=&quot;34aeb9e8d9663907d2cc589509ef3c6d&quot;)&gt;, getDataForLogin = (&#x27;Admin1&#x27;, &#x27;admin123&#x27;)<br/><br/>    def test_login_008(self, setup,getDataForLogin):<br/>        self.driver = setup<br/>        self.log.info(&quot;test_login_008 is started&quot;)<br/>        self.driver.get(self.url)<br/>        self.log.info(&quot;Opening Browser&quot;)<br/>        self.lp = LoginPage(self.driver)<br/>        self.log.info(&quot;Going to this URL--&gt;&quot; + self.url)<br/>        self.lp.enter_Username(getDataForLogin[0])<br/>        self.log.info(&quot;Entering Username--&gt;&quot; + getDataForLogin[0])<br/>        self.lp.enter_Password(getDataForLogin[1])<br/>        self.log.info(&quot;Entering Password--&gt;&quot; + getDataForLogin[1])<br/>        self.lp.click_Login()<br/>        self.log.info(&quot;Click on Login Button&quot;)<br/>&gt;       if self.lp.login_Status():<br/><br/>testCases\test_Login_Params.py:26: <br/>_ _ _ _ _ _ _ _ _ _ _ _ _ _ _ _ _ _ _ _ _ _ _ _ _ _ _ _ _ _ _ _ _ _ _ _ _ _ _ _ <br/><br/>self = &lt;PageObject.LoginPage.LoginPage object at 0x0000024346181910&gt;<br/><br/>    def login_Status(self):<br/>        try:<br/>            self.driver.find_element(*LoginPage.XPATH_Menu_Button)<br/>            return True<br/>        except NoSuchElementException:<br/>&gt;           assert False<br/><span class="error">E           AssertionError</span><br/><br/>PageObject\LoginPage.py:35: AssertionError<br/> -------------------------------Captured log call-------------------------------- <br/>INFO     Test_ReadCommonValues:test_Login_Params.py:15 test_login_008 is started
INFO     Test_ReadCommonValues:test_Login_Params.py:17 Opening Browser
INFO     Test_ReadCommonValues:test_Login_Params.py:19 Going to this URL--&gt;https://opensource-demo.orangehrmlive.com/web/index.php/auth/login
INFO     Test_ReadCommonValues:test_Login_Params.py:21 Entering Username--&gt;Admin1
INFO     Test_ReadCommonValues:test_Login_Params.py:23 Entering Password--&gt;admin123
INFO     Test_ReadCommonValues:test_Login_Params.py:25 Click on Login Button<br/></div></td></tr></tbody>
      <tbody class="failed results-table-row">
        <tr>
          <td class="col-result">Failed</td>
          <td class="col-name">testCases/test_Login_Params.py::Test_ReadCommonValues::test_login_008[getDataForLogin2]</td>
          <td class="col-duration">21.66</td>
          <td class="col-links"></td></tr>
        <tr>
          <td class="extra" colspan="4">
            <div class="log">self = &lt;PageObject.LoginPage.LoginPage object at 0x000002434665E990&gt;<br/><br/>    def login_Status(self):<br/>        try:<br/>&gt;           self.driver.find_element(*LoginPage.XPATH_Menu_Button)<br/><br/>PageObject\LoginPage.py:32: <br/>_ _ _ _ _ _ _ _ _ _ _ _ _ _ _ _ _ _ _ _ _ _ _ _ _ _ _ _ _ _ _ _ _ _ _ _ _ _ _ _ <br/>C:\Users\princ\AppData\Local\Programs\Python\Python311\Lib\site-packages\selenium\webdriver\remote\webdriver.py:740: in find_element<br/>    return self.execute(Command.FIND_ELEMENT, {&quot;using&quot;: by, &quot;value&quot;: value})[&quot;value&quot;]<br/>C:\Users\princ\AppData\Local\Programs\Python\Python311\Lib\site-packages\selenium\webdriver\remote\webdriver.py:346: in execute<br/>    self.error_handler.check_response(response)<br/>_ _ _ _ _ _ _ _ _ _ _ _ _ _ _ _ _ _ _ _ _ _ _ _ _ _ _ _ _ _ _ _ _ _ _ _ _ _ _ _ <br/><br/>self = &lt;selenium.webdriver.remote.errorhandler.ErrorHandler object at 0x000002434665F250&gt;<br/>response = {&#x27;status&#x27;: 404, &#x27;value&#x27;: &#x27;{&quot;value&quot;:{&quot;error&quot;:&quot;no such element&quot;,&quot;message&quot;:&quot;no such element: Unable to locate element: {\...07FF708E738E3]\\n\\tBaseThreadInitThunk [0x00007FFF328D26AD+29]\\n\\tRtlUserThreadStart [0x00007FFF32BEAA68+40]\\n&quot;}}&#x27;}<br/><br/>    def check_response(self, response: Dict[str, Any]) -&gt; None:<br/>        &quot;&quot;&quot;Checks that a JSON response from the WebDriver does not have an<br/>        error.<br/>    <br/>        :Args:<br/>         - response - The JSON response from the WebDriver server as a dictionary<br/>           object.<br/>    <br/>        :Raises: If the response contains an error message.<br/>        &quot;&quot;&quot;<br/>        status = response.get(&quot;status&quot;, None)<br/>        if not status or status == ErrorCode.SUCCESS:<br/>            return<br/>        value = None<br/>        message = response.get(&quot;message&quot;, &quot;&quot;)<br/>        screen: str = response.get(&quot;screen&quot;, &quot;&quot;)<br/>        stacktrace = None<br/>        if isinstance(status, int):<br/>            value_json = response.get(&quot;value&quot;, None)<br/>            if value_json and isinstance(value_json, str):<br/>                import json<br/>    <br/>                try:<br/>                    value = json.loads(value_json)<br/>                    if len(value) == 1:<br/>                        value = value[&quot;value&quot;]<br/>                    status = value.get(&quot;error&quot;, None)<br/>                    if not status:<br/>                        status = value.get(&quot;status&quot;, ErrorCode.UNKNOWN_ERROR)<br/>                        message = value.get(&quot;value&quot;) or value.get(&quot;message&quot;)<br/>                        if not isinstance(message, str):<br/>                            value = message<br/>                            message = message.get(&quot;message&quot;)<br/>                    else:<br/>                        message = value.get(&quot;message&quot;, None)<br/>                except ValueError:<br/>                    pass<br/>    <br/>        exception_class: Type[WebDriverException]<br/>        if status in ErrorCode.NO_SUCH_ELEMENT:<br/>            exception_class = NoSuchElementException<br/>        elif status in ErrorCode.NO_SUCH_FRAME:<br/>            exception_class = NoSuchFrameException<br/>        elif status in ErrorCode.NO_SUCH_SHADOW_ROOT:<br/>            exception_class = NoSuchShadowRootException<br/>        elif status in ErrorCode.NO_SUCH_WINDOW:<br/>            exception_class = NoSuchWindowException<br/>        elif status in ErrorCode.STALE_ELEMENT_REFERENCE:<br/>            exception_class = StaleElementReferenceException<br/>        elif status in ErrorCode.ELEMENT_NOT_VISIBLE:<br/>            exception_class = ElementNotVisibleException<br/>        elif status in ErrorCode.INVALID_ELEMENT_STATE:<br/>            exception_class = InvalidElementStateException<br/>        elif (<br/>            status in ErrorCode.INVALID_SELECTOR<br/>            or status in ErrorCode.INVALID_XPATH_SELECTOR<br/>            or status in ErrorCode.INVALID_XPATH_SELECTOR_RETURN_TYPER<br/>        ):<br/>            exception_class = InvalidSelectorException<br/>        elif status in ErrorCode.ELEMENT_IS_NOT_SELECTABLE:<br/>            exception_class = ElementNotSelectableException<br/>        elif status in ErrorCode.ELEMENT_NOT_INTERACTABLE:<br/>            exception_class = ElementNotInteractableException<br/>        elif status in ErrorCode.INVALID_COOKIE_DOMAIN:<br/>            exception_class = InvalidCookieDomainException<br/>        elif status in ErrorCode.UNABLE_TO_SET_COOKIE:<br/>            exception_class = UnableToSetCookieException<br/>        elif status in ErrorCode.TIMEOUT:<br/>            exception_class = TimeoutException<br/>        elif status in ErrorCode.SCRIPT_TIMEOUT:<br/>            exception_class = TimeoutException<br/>        elif status in ErrorCode.UNKNOWN_ERROR:<br/>            exception_class = WebDriverException<br/>        elif status in ErrorCode.UNEXPECTED_ALERT_OPEN:<br/>            exception_class = UnexpectedAlertPresentException<br/>        elif status in ErrorCode.NO_ALERT_OPEN:<br/>            exception_class = NoAlertPresentException<br/>        elif status in ErrorCode.IME_NOT_AVAILABLE:<br/>            exception_class = ImeNotAvailableException<br/>        elif status in ErrorCode.IME_ENGINE_ACTIVATION_FAILED:<br/>            exception_class = ImeActivationFailedException<br/>        elif status in ErrorCode.MOVE_TARGET_OUT_OF_BOUNDS:<br/>            exception_class = MoveTargetOutOfBoundsException<br/>        elif status in ErrorCode.JAVASCRIPT_ERROR:<br/>            exception_class = JavascriptException<br/>        elif status in ErrorCode.SESSION_NOT_CREATED:<br/>            exception_class = SessionNotCreatedException<br/>        elif status in ErrorCode.INVALID_ARGUMENT:<br/>            exception_class = InvalidArgumentException<br/>        elif status in ErrorCode.NO_SUCH_COOKIE:<br/>            exception_class = NoSuchCookieException<br/>        elif status in ErrorCode.UNABLE_TO_CAPTURE_SCREEN:<br/>            exception_class = ScreenshotException<br/>        elif status in ErrorCode.ELEMENT_CLICK_INTERCEPTED:<br/>            exception_class = ElementClickInterceptedException<br/>        elif status in ErrorCode.INSECURE_CERTIFICATE:<br/>            exception_class = InsecureCertificateException<br/>        elif status in ErrorCode.INVALID_COORDINATES:<br/>            exception_class = InvalidCoordinatesException<br/>        elif status in ErrorCode.INVALID_SESSION_ID:<br/>            exception_class = InvalidSessionIdException<br/>        elif status in ErrorCode.UNKNOWN_METHOD:<br/>            exception_class = UnknownMethodException<br/>        else:<br/>            exception_class = WebDriverException<br/>        if not value:<br/>            value = response[&quot;value&quot;]<br/>        if isinstance(value, str):<br/>            raise exception_class(value)<br/>        if message == &quot;&quot; and &quot;message&quot; in value:<br/>            message = value[&quot;message&quot;]<br/>    <br/>        screen = None  # type: ignore[assignment]<br/>        if &quot;screen&quot; in value:<br/>            screen = value[&quot;screen&quot;]<br/>    <br/>        stacktrace = None<br/>        st_value = value.get(&quot;stackTrace&quot;) or value.get(&quot;stacktrace&quot;)<br/>        if st_value:<br/>            if isinstance(st_value, str):<br/>                stacktrace = st_value.split(&quot;\n&quot;)<br/>            else:<br/>                stacktrace = []<br/>                try:<br/>                    for frame in st_value:<br/>                        line = frame.get(&quot;lineNumber&quot;, &quot;&quot;)<br/>                        file = frame.get(&quot;fileName&quot;, &quot;&lt;anonymous&gt;&quot;)<br/>                        if line:<br/>                            file = f&quot;{file}:{line}&quot;<br/>                        meth = frame.get(&quot;methodName&quot;, &quot;&lt;anonymous&gt;&quot;)<br/>                        if &quot;className&quot; in frame:<br/>                            meth = f&quot;{frame[&#x27;className&#x27;]}.{meth}&quot;<br/>                        msg = &quot;    at %s (%s)&quot;<br/>                        msg = msg % (meth, file)<br/>                        stacktrace.append(msg)<br/>                except TypeError:<br/>                    pass<br/>        if exception_class == UnexpectedAlertPresentException:<br/>            alert_text = None<br/>            if &quot;data&quot; in value:<br/>                alert_text = value[&quot;data&quot;].get(&quot;text&quot;)<br/>            elif &quot;alert&quot; in value:<br/>                alert_text = value[&quot;alert&quot;].get(&quot;text&quot;)<br/>            raise exception_class(message, screen, stacktrace, alert_text)  # type: ignore[call-arg]  # mypy is not smart enough here<br/>&gt;       raise exception_class(message, screen, stacktrace)<br/><span class="error">E       selenium.common.exceptions.NoSuchElementException: Message: no such element: Unable to locate element: {&quot;method&quot;:&quot;xpath&quot;,&quot;selector&quot;:&quot;//span[@class=&#x27;oxd-userdropdown-tab&#x27;]&quot;}</span><br/><span class="error">E         (Session info: headless chrome=115.0.5790.170); For documentation on this error, please visit: https://www.selenium.dev/documentation/webdriver/troubleshooting/errors#no-such-element-exception</span><br/><span class="error">E       Stacktrace:</span><br/><span class="error">E       Backtrace:</span><br/><span class="error">E       	GetHandleVerifier [0x00007FF708F03E62+57250]</span><br/><span class="error">E       	(No symbol) [0x00007FF708E7BC02]</span><br/><span class="error">E       	(No symbol) [0x00007FF708D4E0BB]</span><br/><span class="error">E       	(No symbol) [0x00007FF708D8765E]</span><br/><span class="error">E       	(No symbol) [0x00007FF708D8774C]</span><br/><span class="error">E       	(No symbol) [0x00007FF708DC0267]</span><br/><span class="error">E       	(No symbol) [0x00007FF708DA67EF]</span><br/><span class="error">E       	(No symbol) [0x00007FF708DBE312]</span><br/><span class="error">E       	(No symbol) [0x00007FF708DA6583]</span><br/><span class="error">E       	(No symbol) [0x00007FF708D7CC71]</span><br/><span class="error">E       	(No symbol) [0x00007FF708D7DE54]</span><br/><span class="error">E       	GetHandleVerifier [0x00007FF7091B4CF2+2879026]</span><br/><span class="error">E       	GetHandleVerifier [0x00007FF709206F30+3215472]</span><br/><span class="error">E       	GetHandleVerifier [0x00007FF7091FFD4F+3186319]</span><br/><span class="error">E       	GetHandleVerifier [0x00007FF708F95505+652869]</span><br/><span class="error">E       	(No symbol) [0x00007FF708E87518]</span><br/><span class="error">E       	(No symbol) [0x00007FF708E835F4]</span><br/><span class="error">E       	(No symbol) [0x00007FF708E836EC]</span><br/><span class="error">E       	(No symbol) [0x00007FF708E738E3]</span><br/><span class="error">E       	BaseThreadInitThunk [0x00007FFF328D26AD+29]</span><br/><span class="error">E       	RtlUserThreadStart [0x00007FFF32BEAA68+40]</span><br/><br/>C:\Users\princ\AppData\Local\Programs\Python\Python311\Lib\site-packages\selenium\webdriver\remote\errorhandler.py:245: NoSuchElementException<br/><br/>During handling of the above exception, another exception occurred:<br/><br/>self = &lt;testCases.test_Login_Params.Test_ReadCommonValues object at 0x0000024346164510&gt;<br/>setup = &lt;selenium.webdriver.chrome.webdriver.WebDriver (session=&quot;737208c89842f4f3809eb6c4ba46e424&quot;)&gt;, getDataForLogin = (&#x27;Admin&#x27;, &#x27;admin1234&#x27;)<br/><br/>    def test_login_008(self, setup,getDataForLogin):<br/>        self.driver = setup<br/>        self.log.info(&quot;test_login_008 is started&quot;)<br/>        self.driver.get(self.url)<br/>        self.log.info(&quot;Opening Browser&quot;)<br/>        self.lp = LoginPage(self.driver)<br/>        self.log.info(&quot;Going to this URL--&gt;&quot; + self.url)<br/>        self.lp.enter_Username(getDataForLogin[0])<br/>        self.log.info(&quot;Entering Username--&gt;&quot; + getDataForLogin[0])<br/>        self.lp.enter_Password(getDataForLogin[1])<br/>        self.log.info(&quot;Entering Password--&gt;&quot; + getDataForLogin[1])<br/>        self.lp.click_Login()<br/>        self.log.info(&quot;Click on Login Button&quot;)<br/>&gt;       if self.lp.login_Status():<br/><br/>testCases\test_Login_Params.py:26: <br/>_ _ _ _ _ _ _ _ _ _ _ _ _ _ _ _ _ _ _ _ _ _ _ _ _ _ _ _ _ _ _ _ _ _ _ _ _ _ _ _ <br/><br/>self = &lt;PageObject.LoginPage.LoginPage object at 0x000002434665E990&gt;<br/><br/>    def login_Status(self):<br/>        try:<br/>            self.driver.find_element(*LoginPage.XPATH_Menu_Button)<br/>            return True<br/>        except NoSuchElementException:<br/>&gt;           assert False<br/><span class="error">E           AssertionError</span><br/><br/>PageObject\LoginPage.py:35: AssertionError<br/> -------------------------------Captured log call-------------------------------- <br/>INFO     Test_ReadCommonValues:test_Login_Params.py:15 test_login_008 is started
INFO     Test_ReadCommonValues:test_Login_Params.py:17 Opening Browser
INFO     Test_ReadCommonValues:test_Login_Params.py:19 Going to this URL--&gt;https://opensource-demo.orangehrmlive.com/web/index.php/auth/login
INFO     Test_ReadCommonValues:test_Login_Params.py:21 Entering Username--&gt;Admin
INFO     Test_ReadCommonValues:test_Login_Params.py:23 Entering Password--&gt;admin1234
INFO     Test_ReadCommonValues:test_Login_Params.py:25 Click on Login Button<br/></div></td></tr></tbody>
      <tbody class="failed results-table-row">
        <tr>
          <td class="col-result">Failed</td>
          <td class="col-name">testCases/test_Login_Params.py::Test_ReadCommonValues::test_login_008[getDataForLogin3]</td>
          <td class="col-duration">27.54</td>
          <td class="col-links"></td></tr>
        <tr>
          <td class="extra" colspan="4">
            <div class="log">self = &lt;PageObject.LoginPage.LoginPage object at 0x0000024343950710&gt;<br/><br/>    def login_Status(self):<br/>        try:<br/>&gt;           self.driver.find_element(*LoginPage.XPATH_Menu_Button)<br/><br/>PageObject\LoginPage.py:32: <br/>_ _ _ _ _ _ _ _ _ _ _ _ _ _ _ _ _ _ _ _ _ _ _ _ _ _ _ _ _ _ _ _ _ _ _ _ _ _ _ _ <br/>C:\Users\princ\AppData\Local\Programs\Python\Python311\Lib\site-packages\selenium\webdriver\remote\webdriver.py:740: in find_element<br/>    return self.execute(Command.FIND_ELEMENT, {&quot;using&quot;: by, &quot;value&quot;: value})[&quot;value&quot;]<br/>C:\Users\princ\AppData\Local\Programs\Python\Python311\Lib\site-packages\selenium\webdriver\remote\webdriver.py:346: in execute<br/>    self.error_handler.check_response(response)<br/>_ _ _ _ _ _ _ _ _ _ _ _ _ _ _ _ _ _ _ _ _ _ _ _ _ _ _ _ _ _ _ _ _ _ _ _ _ _ _ _ <br/><br/>self = &lt;selenium.webdriver.remote.errorhandler.ErrorHandler object at 0x0000024346182F10&gt;<br/>response = {&#x27;status&#x27;: 404, &#x27;value&#x27;: &#x27;{&quot;value&quot;:{&quot;error&quot;:&quot;no such element&quot;,&quot;message&quot;:&quot;no such element: Unable to locate element: {\...07FF708E738E3]\\n\\tBaseThreadInitThunk [0x00007FFF328D26AD+29]\\n\\tRtlUserThreadStart [0x00007FFF32BEAA68+40]\\n&quot;}}&#x27;}<br/><br/>    def check_response(self, response: Dict[str, Any]) -&gt; None:<br/>        &quot;&quot;&quot;Checks that a JSON response from the WebDriver does not have an<br/>        error.<br/>    <br/>        :Args:<br/>         - response - The JSON response from the WebDriver server as a dictionary<br/>           object.<br/>    <br/>        :Raises: If the response contains an error message.<br/>        &quot;&quot;&quot;<br/>        status = response.get(&quot;status&quot;, None)<br/>        if not status or status == ErrorCode.SUCCESS:<br/>            return<br/>        value = None<br/>        message = response.get(&quot;message&quot;, &quot;&quot;)<br/>        screen: str = response.get(&quot;screen&quot;, &quot;&quot;)<br/>        stacktrace = None<br/>        if isinstance(status, int):<br/>            value_json = response.get(&quot;value&quot;, None)<br/>            if value_json and isinstance(value_json, str):<br/>                import json<br/>    <br/>                try:<br/>                    value = json.loads(value_json)<br/>                    if len(value) == 1:<br/>                        value = value[&quot;value&quot;]<br/>                    status = value.get(&quot;error&quot;, None)<br/>                    if not status:<br/>                        status = value.get(&quot;status&quot;, ErrorCode.UNKNOWN_ERROR)<br/>                        message = value.get(&quot;value&quot;) or value.get(&quot;message&quot;)<br/>                        if not isinstance(message, str):<br/>                            value = message<br/>                            message = message.get(&quot;message&quot;)<br/>                    else:<br/>                        message = value.get(&quot;message&quot;, None)<br/>                except ValueError:<br/>                    pass<br/>    <br/>        exception_class: Type[WebDriverException]<br/>        if status in ErrorCode.NO_SUCH_ELEMENT:<br/>            exception_class = NoSuchElementException<br/>        elif status in ErrorCode.NO_SUCH_FRAME:<br/>            exception_class = NoSuchFrameException<br/>        elif status in ErrorCode.NO_SUCH_SHADOW_ROOT:<br/>            exception_class = NoSuchShadowRootException<br/>        elif status in ErrorCode.NO_SUCH_WINDOW:<br/>            exception_class = NoSuchWindowException<br/>        elif status in ErrorCode.STALE_ELEMENT_REFERENCE:<br/>            exception_class = StaleElementReferenceException<br/>        elif status in ErrorCode.ELEMENT_NOT_VISIBLE:<br/>            exception_class = ElementNotVisibleException<br/>        elif status in ErrorCode.INVALID_ELEMENT_STATE:<br/>            exception_class = InvalidElementStateException<br/>        elif (<br/>            status in ErrorCode.INVALID_SELECTOR<br/>            or status in ErrorCode.INVALID_XPATH_SELECTOR<br/>            or status in ErrorCode.INVALID_XPATH_SELECTOR_RETURN_TYPER<br/>        ):<br/>            exception_class = InvalidSelectorException<br/>        elif status in ErrorCode.ELEMENT_IS_NOT_SELECTABLE:<br/>            exception_class = ElementNotSelectableException<br/>        elif status in ErrorCode.ELEMENT_NOT_INTERACTABLE:<br/>            exception_class = ElementNotInteractableException<br/>        elif status in ErrorCode.INVALID_COOKIE_DOMAIN:<br/>            exception_class = InvalidCookieDomainException<br/>        elif status in ErrorCode.UNABLE_TO_SET_COOKIE:<br/>            exception_class = UnableToSetCookieException<br/>        elif status in ErrorCode.TIMEOUT:<br/>            exception_class = TimeoutException<br/>        elif status in ErrorCode.SCRIPT_TIMEOUT:<br/>            exception_class = TimeoutException<br/>        elif status in ErrorCode.UNKNOWN_ERROR:<br/>            exception_class = WebDriverException<br/>        elif status in ErrorCode.UNEXPECTED_ALERT_OPEN:<br/>            exception_class = UnexpectedAlertPresentException<br/>        elif status in ErrorCode.NO_ALERT_OPEN:<br/>            exception_class = NoAlertPresentException<br/>        elif status in ErrorCode.IME_NOT_AVAILABLE:<br/>            exception_class = ImeNotAvailableException<br/>        elif status in ErrorCode.IME_ENGINE_ACTIVATION_FAILED:<br/>            exception_class = ImeActivationFailedException<br/>        elif status in ErrorCode.MOVE_TARGET_OUT_OF_BOUNDS:<br/>            exception_class = MoveTargetOutOfBoundsException<br/>        elif status in ErrorCode.JAVASCRIPT_ERROR:<br/>            exception_class = JavascriptException<br/>        elif status in ErrorCode.SESSION_NOT_CREATED:<br/>            exception_class = SessionNotCreatedException<br/>        elif status in ErrorCode.INVALID_ARGUMENT:<br/>            exception_class = InvalidArgumentException<br/>        elif status in ErrorCode.NO_SUCH_COOKIE:<br/>            exception_class = NoSuchCookieException<br/>        elif status in ErrorCode.UNABLE_TO_CAPTURE_SCREEN:<br/>            exception_class = ScreenshotException<br/>        elif status in ErrorCode.ELEMENT_CLICK_INTERCEPTED:<br/>            exception_class = ElementClickInterceptedException<br/>        elif status in ErrorCode.INSECURE_CERTIFICATE:<br/>            exception_class = InsecureCertificateException<br/>        elif status in ErrorCode.INVALID_COORDINATES:<br/>            exception_class = InvalidCoordinatesException<br/>        elif status in ErrorCode.INVALID_SESSION_ID:<br/>            exception_class = InvalidSessionIdException<br/>        elif status in ErrorCode.UNKNOWN_METHOD:<br/>            exception_class = UnknownMethodException<br/>        else:<br/>            exception_class = WebDriverException<br/>        if not value:<br/>            value = response[&quot;value&quot;]<br/>        if isinstance(value, str):<br/>            raise exception_class(value)<br/>        if message == &quot;&quot; and &quot;message&quot; in value:<br/>            message = value[&quot;message&quot;]<br/>    <br/>        screen = None  # type: ignore[assignment]<br/>        if &quot;screen&quot; in value:<br/>            screen = value[&quot;screen&quot;]<br/>    <br/>        stacktrace = None<br/>        st_value = value.get(&quot;stackTrace&quot;) or value.get(&quot;stacktrace&quot;)<br/>        if st_value:<br/>            if isinstance(st_value, str):<br/>                stacktrace = st_value.split(&quot;\n&quot;)<br/>            else:<br/>                stacktrace = []<br/>                try:<br/>                    for frame in st_value:<br/>                        line = frame.get(&quot;lineNumber&quot;, &quot;&quot;)<br/>                        file = frame.get(&quot;fileName&quot;, &quot;&lt;anonymous&gt;&quot;)<br/>                        if line:<br/>                            file = f&quot;{file}:{line}&quot;<br/>                        meth = frame.get(&quot;methodName&quot;, &quot;&lt;anonymous&gt;&quot;)<br/>                        if &quot;className&quot; in frame:<br/>                            meth = f&quot;{frame[&#x27;className&#x27;]}.{meth}&quot;<br/>                        msg = &quot;    at %s (%s)&quot;<br/>                        msg = msg % (meth, file)<br/>                        stacktrace.append(msg)<br/>                except TypeError:<br/>                    pass<br/>        if exception_class == UnexpectedAlertPresentException:<br/>            alert_text = None<br/>            if &quot;data&quot; in value:<br/>                alert_text = value[&quot;data&quot;].get(&quot;text&quot;)<br/>            elif &quot;alert&quot; in value:<br/>                alert_text = value[&quot;alert&quot;].get(&quot;text&quot;)<br/>            raise exception_class(message, screen, stacktrace, alert_text)  # type: ignore[call-arg]  # mypy is not smart enough here<br/>&gt;       raise exception_class(message, screen, stacktrace)<br/><span class="error">E       selenium.common.exceptions.NoSuchElementException: Message: no such element: Unable to locate element: {&quot;method&quot;:&quot;xpath&quot;,&quot;selector&quot;:&quot;//span[@class=&#x27;oxd-userdropdown-tab&#x27;]&quot;}</span><br/><span class="error">E         (Session info: headless chrome=115.0.5790.170); For documentation on this error, please visit: https://www.selenium.dev/documentation/webdriver/troubleshooting/errors#no-such-element-exception</span><br/><span class="error">E       Stacktrace:</span><br/><span class="error">E       Backtrace:</span><br/><span class="error">E       	GetHandleVerifier [0x00007FF708F03E62+57250]</span><br/><span class="error">E       	(No symbol) [0x00007FF708E7BC02]</span><br/><span class="error">E       	(No symbol) [0x00007FF708D4E0BB]</span><br/><span class="error">E       	(No symbol) [0x00007FF708D8765E]</span><br/><span class="error">E       	(No symbol) [0x00007FF708D8774C]</span><br/><span class="error">E       	(No symbol) [0x00007FF708DC0267]</span><br/><span class="error">E       	(No symbol) [0x00007FF708DA67EF]</span><br/><span class="error">E       	(No symbol) [0x00007FF708DBE312]</span><br/><span class="error">E       	(No symbol) [0x00007FF708DA6583]</span><br/><span class="error">E       	(No symbol) [0x00007FF708D7CC71]</span><br/><span class="error">E       	(No symbol) [0x00007FF708D7DE54]</span><br/><span class="error">E       	GetHandleVerifier [0x00007FF7091B4CF2+2879026]</span><br/><span class="error">E       	GetHandleVerifier [0x00007FF709206F30+3215472]</span><br/><span class="error">E       	GetHandleVerifier [0x00007FF7091FFD4F+3186319]</span><br/><span class="error">E       	GetHandleVerifier [0x00007FF708F95505+652869]</span><br/><span class="error">E       	(No symbol) [0x00007FF708E87518]</span><br/><span class="error">E       	(No symbol) [0x00007FF708E835F4]</span><br/><span class="error">E       	(No symbol) [0x00007FF708E836EC]</span><br/><span class="error">E       	(No symbol) [0x00007FF708E738E3]</span><br/><span class="error">E       	BaseThreadInitThunk [0x00007FFF328D26AD+29]</span><br/><span class="error">E       	RtlUserThreadStart [0x00007FFF32BEAA68+40]</span><br/><br/>C:\Users\princ\AppData\Local\Programs\Python\Python311\Lib\site-packages\selenium\webdriver\remote\errorhandler.py:245: NoSuchElementException<br/><br/>During handling of the above exception, another exception occurred:<br/><br/>self = &lt;testCases.test_Login_Params.Test_ReadCommonValues object at 0x00000243461647D0&gt;<br/>setup = &lt;selenium.webdriver.chrome.webdriver.WebDriver (session=&quot;459972d78f6b55d100ad11ca3b456d39&quot;)&gt;, getDataForLogin = (&#x27;Admin1&#x27;, &#x27;admin1234&#x27;)<br/><br/>    def test_login_008(self, setup,getDataForLogin):<br/>        self.driver = setup<br/>        self.log.info(&quot;test_login_008 is started&quot;)<br/>        self.driver.get(self.url)<br/>        self.log.info(&quot;Opening Browser&quot;)<br/>        self.lp = LoginPage(self.driver)<br/>        self.log.info(&quot;Going to this URL--&gt;&quot; + self.url)<br/>        self.lp.enter_Username(getDataForLogin[0])<br/>        self.log.info(&quot;Entering Username--&gt;&quot; + getDataForLogin[0])<br/>        self.lp.enter_Password(getDataForLogin[1])<br/>        self.log.info(&quot;Entering Password--&gt;&quot; + getDataForLogin[1])<br/>        self.lp.click_Login()<br/>        self.log.info(&quot;Click on Login Button&quot;)<br/>&gt;       if self.lp.login_Status():<br/><br/>testCases\test_Login_Params.py:26: <br/>_ _ _ _ _ _ _ _ _ _ _ _ _ _ _ _ _ _ _ _ _ _ _ _ _ _ _ _ _ _ _ _ _ _ _ _ _ _ _ _ <br/><br/>self = &lt;PageObject.LoginPage.LoginPage object at 0x0000024343950710&gt;<br/><br/>    def login_Status(self):<br/>        try:<br/>            self.driver.find_element(*LoginPage.XPATH_Menu_Button)<br/>            return True<br/>        except NoSuchElementException:<br/>&gt;           assert False<br/><span class="error">E           AssertionError</span><br/><br/>PageObject\LoginPage.py:35: AssertionError<br/> -------------------------------Captured log call-------------------------------- <br/>INFO     Test_ReadCommonValues:test_Login_Params.py:15 test_login_008 is started
INFO     Test_ReadCommonValues:test_Login_Params.py:17 Opening Browser
INFO     Test_ReadCommonValues:test_Login_Params.py:19 Going to this URL--&gt;https://opensource-demo.orangehrmlive.com/web/index.php/auth/login
INFO     Test_ReadCommonValues:test_Login_Params.py:21 Entering Username--&gt;Admin1
INFO     Test_ReadCommonValues:test_Login_Params.py:23 Entering Password--&gt;admin1234
INFO     Test_ReadCommonValues:test_Login_Params.py:25 Click on Login Button<br/></div></td></tr></tbody>
      <tbody class="failed results-table-row">
        <tr>
          <td class="col-result">Failed</td>
          <td class="col-name">testCases/test_Login_Params.py::Test_ReadCommonValues::test_AddEmp_008[getDataForLogin1]</td>
          <td class="col-duration">20.35</td>
          <td class="col-links"></td></tr>
        <tr>
          <td class="extra" colspan="4">
            <div class="log">self = &lt;testCases.test_Login_Params.Test_ReadCommonValues object at 0x0000024346165710&gt;<br/>setup = &lt;selenium.webdriver.chrome.webdriver.WebDriver (session=&quot;2c89fcab96b6b0f97916bb08900e0e3b&quot;)&gt;, getDataForLogin = (&#x27;Admin1&#x27;, &#x27;admin123&#x27;)<br/><br/>    def test_AddEmp_008(self, setup, getDataForLogin):<br/>        self.driver = setup<br/>        self.log.info(&quot;test_AddEmp_008 is started&quot;)<br/>        self.driver.get(self.url)<br/>        self.log.info(&quot;Opening Browser&quot;)<br/>        self.lp = LoginPage(self.driver)<br/>        self.log.info(&quot;Going to this URL--&gt;&quot; + self.url)<br/>        self.ae = Add_Emp(self.driver)<br/>        self.lp.enter_Username(getDataForLogin[0])<br/>        self.log.info(&quot;Entering Username--&gt;&quot; + getDataForLogin[0])<br/>        self.lp.enter_Password(getDataForLogin[1])<br/>        self.log.info(&quot;Entering Password--&gt;&quot; + getDataForLogin[1])<br/>        self.lp.click_Login()<br/>        self.log.info(&quot;Click Login Button&quot;)<br/>    <br/>&gt;       self.ae.click_PIM()<br/><br/>testCases\test_Login_Params.py:63: <br/>_ _ _ _ _ _ _ _ _ _ _ _ _ _ _ _ _ _ _ _ _ _ _ _ _ _ _ _ _ _ _ _ _ _ _ _ _ _ _ _ <br/>PageObject\AddEmpPage.py:20: in click_PIM<br/>    self.driver.find_element(*Add_Emp.XPATH_PIM).click()<br/>C:\Users\princ\AppData\Local\Programs\Python\Python311\Lib\site-packages\selenium\webdriver\remote\webdriver.py:740: in find_element<br/>    return self.execute(Command.FIND_ELEMENT, {&quot;using&quot;: by, &quot;value&quot;: value})[&quot;value&quot;]<br/>C:\Users\princ\AppData\Local\Programs\Python\Python311\Lib\site-packages\selenium\webdriver\remote\webdriver.py:346: in execute<br/>    self.error_handler.check_response(response)<br/>_ _ _ _ _ _ _ _ _ _ _ _ _ _ _ _ _ _ _ _ _ _ _ _ _ _ _ _ _ _ _ _ _ _ _ _ _ _ _ _ <br/><br/>self = &lt;selenium.webdriver.remote.errorhandler.ErrorHandler object at 0x00000243461EF8D0&gt;<br/>response = {&#x27;status&#x27;: 404, &#x27;value&#x27;: &#x27;{&quot;value&quot;:{&quot;error&quot;:&quot;no such element&quot;,&quot;message&quot;:&quot;no such element: Unable to locate element: {\...07FF708E738E3]\\n\\tBaseThreadInitThunk [0x00007FFF328D26AD+29]\\n\\tRtlUserThreadStart [0x00007FFF32BEAA68+40]\\n&quot;}}&#x27;}<br/><br/>    def check_response(self, response: Dict[str, Any]) -&gt; None:<br/>        &quot;&quot;&quot;Checks that a JSON response from the WebDriver does not have an<br/>        error.<br/>    <br/>        :Args:<br/>         - response - The JSON response from the WebDriver server as a dictionary<br/>           object.<br/>    <br/>        :Raises: If the response contains an error message.<br/>        &quot;&quot;&quot;<br/>        status = response.get(&quot;status&quot;, None)<br/>        if not status or status == ErrorCode.SUCCESS:<br/>            return<br/>        value = None<br/>        message = response.get(&quot;message&quot;, &quot;&quot;)<br/>        screen: str = response.get(&quot;screen&quot;, &quot;&quot;)<br/>        stacktrace = None<br/>        if isinstance(status, int):<br/>            value_json = response.get(&quot;value&quot;, None)<br/>            if value_json and isinstance(value_json, str):<br/>                import json<br/>    <br/>                try:<br/>                    value = json.loads(value_json)<br/>                    if len(value) == 1:<br/>                        value = value[&quot;value&quot;]<br/>                    status = value.get(&quot;error&quot;, None)<br/>                    if not status:<br/>                        status = value.get(&quot;status&quot;, ErrorCode.UNKNOWN_ERROR)<br/>                        message = value.get(&quot;value&quot;) or value.get(&quot;message&quot;)<br/>                        if not isinstance(message, str):<br/>                            value = message<br/>                            message = message.get(&quot;message&quot;)<br/>                    else:<br/>                        message = value.get(&quot;message&quot;, None)<br/>                except ValueError:<br/>                    pass<br/>    <br/>        exception_class: Type[WebDriverException]<br/>        if status in ErrorCode.NO_SUCH_ELEMENT:<br/>            exception_class = NoSuchElementException<br/>        elif status in ErrorCode.NO_SUCH_FRAME:<br/>            exception_class = NoSuchFrameException<br/>        elif status in ErrorCode.NO_SUCH_SHADOW_ROOT:<br/>            exception_class = NoSuchShadowRootException<br/>        elif status in ErrorCode.NO_SUCH_WINDOW:<br/>            exception_class = NoSuchWindowException<br/>        elif status in ErrorCode.STALE_ELEMENT_REFERENCE:<br/>            exception_class = StaleElementReferenceException<br/>        elif status in ErrorCode.ELEMENT_NOT_VISIBLE:<br/>            exception_class = ElementNotVisibleException<br/>        elif status in ErrorCode.INVALID_ELEMENT_STATE:<br/>            exception_class = InvalidElementStateException<br/>        elif (<br/>            status in ErrorCode.INVALID_SELECTOR<br/>            or status in ErrorCode.INVALID_XPATH_SELECTOR<br/>            or status in ErrorCode.INVALID_XPATH_SELECTOR_RETURN_TYPER<br/>        ):<br/>            exception_class = InvalidSelectorException<br/>        elif status in ErrorCode.ELEMENT_IS_NOT_SELECTABLE:<br/>            exception_class = ElementNotSelectableException<br/>        elif status in ErrorCode.ELEMENT_NOT_INTERACTABLE:<br/>            exception_class = ElementNotInteractableException<br/>        elif status in ErrorCode.INVALID_COOKIE_DOMAIN:<br/>            exception_class = InvalidCookieDomainException<br/>        elif status in ErrorCode.UNABLE_TO_SET_COOKIE:<br/>            exception_class = UnableToSetCookieException<br/>        elif status in ErrorCode.TIMEOUT:<br/>            exception_class = TimeoutException<br/>        elif status in ErrorCode.SCRIPT_TIMEOUT:<br/>            exception_class = TimeoutException<br/>        elif status in ErrorCode.UNKNOWN_ERROR:<br/>            exception_class = WebDriverException<br/>        elif status in ErrorCode.UNEXPECTED_ALERT_OPEN:<br/>            exception_class = UnexpectedAlertPresentException<br/>        elif status in ErrorCode.NO_ALERT_OPEN:<br/>            exception_class = NoAlertPresentException<br/>        elif status in ErrorCode.IME_NOT_AVAILABLE:<br/>            exception_class = ImeNotAvailableException<br/>        elif status in ErrorCode.IME_ENGINE_ACTIVATION_FAILED:<br/>            exception_class = ImeActivationFailedException<br/>        elif status in ErrorCode.MOVE_TARGET_OUT_OF_BOUNDS:<br/>            exception_class = MoveTargetOutOfBoundsException<br/>        elif status in ErrorCode.JAVASCRIPT_ERROR:<br/>            exception_class = JavascriptException<br/>        elif status in ErrorCode.SESSION_NOT_CREATED:<br/>            exception_class = SessionNotCreatedException<br/>        elif status in ErrorCode.INVALID_ARGUMENT:<br/>            exception_class = InvalidArgumentException<br/>        elif status in ErrorCode.NO_SUCH_COOKIE:<br/>            exception_class = NoSuchCookieException<br/>        elif status in ErrorCode.UNABLE_TO_CAPTURE_SCREEN:<br/>            exception_class = ScreenshotException<br/>        elif status in ErrorCode.ELEMENT_CLICK_INTERCEPTED:<br/>            exception_class = ElementClickInterceptedException<br/>        elif status in ErrorCode.INSECURE_CERTIFICATE:<br/>            exception_class = InsecureCertificateException<br/>        elif status in ErrorCode.INVALID_COORDINATES:<br/>            exception_class = InvalidCoordinatesException<br/>        elif status in ErrorCode.INVALID_SESSION_ID:<br/>            exception_class = InvalidSessionIdException<br/>        elif status in ErrorCode.UNKNOWN_METHOD:<br/>            exception_class = UnknownMethodException<br/>        else:<br/>            exception_class = WebDriverException<br/>        if not value:<br/>            value = response[&quot;value&quot;]<br/>        if isinstance(value, str):<br/>            raise exception_class(value)<br/>        if message == &quot;&quot; and &quot;message&quot; in value:<br/>            message = value[&quot;message&quot;]<br/>    <br/>        screen = None  # type: ignore[assignment]<br/>        if &quot;screen&quot; in value:<br/>            screen = value[&quot;screen&quot;]<br/>    <br/>        stacktrace = None<br/>        st_value = value.get(&quot;stackTrace&quot;) or value.get(&quot;stacktrace&quot;)<br/>        if st_value:<br/>            if isinstance(st_value, str):<br/>                stacktrace = st_value.split(&quot;\n&quot;)<br/>            else:<br/>                stacktrace = []<br/>                try:<br/>                    for frame in st_value:<br/>                        line = frame.get(&quot;lineNumber&quot;, &quot;&quot;)<br/>                        file = frame.get(&quot;fileName&quot;, &quot;&lt;anonymous&gt;&quot;)<br/>                        if line:<br/>                            file = f&quot;{file}:{line}&quot;<br/>                        meth = frame.get(&quot;methodName&quot;, &quot;&lt;anonymous&gt;&quot;)<br/>                        if &quot;className&quot; in frame:<br/>                            meth = f&quot;{frame[&#x27;className&#x27;]}.{meth}&quot;<br/>                        msg = &quot;    at %s (%s)&quot;<br/>                        msg = msg % (meth, file)<br/>                        stacktrace.append(msg)<br/>                except TypeError:<br/>                    pass<br/>        if exception_class == UnexpectedAlertPresentException:<br/>            alert_text = None<br/>            if &quot;data&quot; in value:<br/>                alert_text = value[&quot;data&quot;].get(&quot;text&quot;)<br/>            elif &quot;alert&quot; in value:<br/>                alert_text = value[&quot;alert&quot;].get(&quot;text&quot;)<br/>            raise exception_class(message, screen, stacktrace, alert_text)  # type: ignore[call-arg]  # mypy is not smart enough here<br/>&gt;       raise exception_class(message, screen, stacktrace)<br/><span class="error">E       selenium.common.exceptions.NoSuchElementException: Message: no such element: Unable to locate element: {&quot;method&quot;:&quot;xpath&quot;,&quot;selector&quot;:&quot;//span[normalize-space()=&#x27;PIM&#x27;]&quot;}</span><br/><span class="error">E         (Session info: headless chrome=115.0.5790.170); For documentation on this error, please visit: https://www.selenium.dev/documentation/webdriver/troubleshooting/errors#no-such-element-exception</span><br/><span class="error">E       Stacktrace:</span><br/><span class="error">E       Backtrace:</span><br/><span class="error">E       	GetHandleVerifier [0x00007FF708F03E62+57250]</span><br/><span class="error">E       	(No symbol) [0x00007FF708E7BC02]</span><br/><span class="error">E       	(No symbol) [0x00007FF708D4E0BB]</span><br/><span class="error">E       	(No symbol) [0x00007FF708D8765E]</span><br/><span class="error">E       	(No symbol) [0x00007FF708D8774C]</span><br/><span class="error">E       	(No symbol) [0x00007FF708DC0267]</span><br/><span class="error">E       	(No symbol) [0x00007FF708DA67EF]</span><br/><span class="error">E       	(No symbol) [0x00007FF708DBE312]</span><br/><span class="error">E       	(No symbol) [0x00007FF708DA6583]</span><br/><span class="error">E       	(No symbol) [0x00007FF708D7CC71]</span><br/><span class="error">E       	(No symbol) [0x00007FF708D7DE54]</span><br/><span class="error">E       	GetHandleVerifier [0x00007FF7091B4CF2+2879026]</span><br/><span class="error">E       	GetHandleVerifier [0x00007FF709206F30+3215472]</span><br/><span class="error">E       	GetHandleVerifier [0x00007FF7091FFD4F+3186319]</span><br/><span class="error">E       	GetHandleVerifier [0x00007FF708F95505+652869]</span><br/><span class="error">E       	(No symbol) [0x00007FF708E87518]</span><br/><span class="error">E       	(No symbol) [0x00007FF708E835F4]</span><br/><span class="error">E       	(No symbol) [0x00007FF708E836EC]</span><br/><span class="error">E       	(No symbol) [0x00007FF708E738E3]</span><br/><span class="error">E       	BaseThreadInitThunk [0x00007FFF328D26AD+29]</span><br/><span class="error">E       	RtlUserThreadStart [0x00007FFF32BEAA68+40]</span><br/><br/>C:\Users\princ\AppData\Local\Programs\Python\Python311\Lib\site-packages\selenium\webdriver\remote\errorhandler.py:245: NoSuchElementException<br/> -------------------------------Captured log call-------------------------------- <br/>INFO     Test_ReadCommonValues:test_Login_Params.py:50 test_AddEmp_008 is started
INFO     Test_ReadCommonValues:test_Login_Params.py:52 Opening Browser
INFO     Test_ReadCommonValues:test_Login_Params.py:54 Going to this URL--&gt;https://opensource-demo.orangehrmlive.com/web/index.php/auth/login
INFO     Test_ReadCommonValues:test_Login_Params.py:57 Entering Username--&gt;Admin1
INFO     Test_ReadCommonValues:test_Login_Params.py:59 Entering Password--&gt;admin123
INFO     Test_ReadCommonValues:test_Login_Params.py:61 Click Login Button<br/></div></td></tr></tbody>
      <tbody class="failed results-table-row">
        <tr>
          <td class="col-result">Failed</td>
          <td class="col-name">testCases/test_Login_Params.py::Test_ReadCommonValues::test_AddEmp_008[getDataForLogin2]</td>
          <td class="col-duration">23.65</td>
          <td class="col-links"></td></tr>
        <tr>
          <td class="extra" colspan="4">
            <div class="log">self = &lt;testCases.test_Login_Params.Test_ReadCommonValues object at 0x00000243461659D0&gt;<br/>setup = &lt;selenium.webdriver.chrome.webdriver.WebDriver (session=&quot;64e86ca8c5e52c08bb60bf82ec2cc6a0&quot;)&gt;, getDataForLogin = (&#x27;Admin&#x27;, &#x27;admin1234&#x27;)<br/><br/>&gt;   ???<br/><br/>testCases\test_Login_Params.py:63: <br/>_ _ _ _ _ _ _ _ _ _ _ _ _ _ _ _ _ _ _ _ _ _ _ _ _ _ _ _ _ _ _ _ _ _ _ _ _ _ _ _ <br/>PageObject\AddEmpPage.py:20: in click_PIM<br/>    self.driver.find_element(*Add_Emp.XPATH_PIM).click()<br/>C:\Users\princ\AppData\Local\Programs\Python\Python311\Lib\site-packages\selenium\webdriver\remote\webdriver.py:740: in find_element<br/>    return self.execute(Command.FIND_ELEMENT, {&quot;using&quot;: by, &quot;value&quot;: value})[&quot;value&quot;]<br/>C:\Users\princ\AppData\Local\Programs\Python\Python311\Lib\site-packages\selenium\webdriver\remote\webdriver.py:346: in execute<br/>    self.error_handler.check_response(response)<br/>_ _ _ _ _ _ _ _ _ _ _ _ _ _ _ _ _ _ _ _ _ _ _ _ _ _ _ _ _ _ _ _ _ _ _ _ _ _ _ _ <br/><br/>self = &lt;selenium.webdriver.remote.errorhandler.ErrorHandler object at 0x000002434669CFD0&gt;<br/>response = {&#x27;status&#x27;: 404, &#x27;value&#x27;: &#x27;{&quot;value&quot;:{&quot;error&quot;:&quot;no such element&quot;,&quot;message&quot;:&quot;no such element: Unable to locate element: {\...07FF708E738E3]\\n\\tBaseThreadInitThunk [0x00007FFF328D26AD+29]\\n\\tRtlUserThreadStart [0x00007FFF32BEAA68+40]\\n&quot;}}&#x27;}<br/><br/>    def check_response(self, response: Dict[str, Any]) -&gt; None:<br/>        &quot;&quot;&quot;Checks that a JSON response from the WebDriver does not have an<br/>        error.<br/>    <br/>        :Args:<br/>         - response - The JSON response from the WebDriver server as a dictionary<br/>           object.<br/>    <br/>        :Raises: If the response contains an error message.<br/>        &quot;&quot;&quot;<br/>        status = response.get(&quot;status&quot;, None)<br/>        if not status or status == ErrorCode.SUCCESS:<br/>            return<br/>        value = None<br/>        message = response.get(&quot;message&quot;, &quot;&quot;)<br/>        screen: str = response.get(&quot;screen&quot;, &quot;&quot;)<br/>        stacktrace = None<br/>        if isinstance(status, int):<br/>            value_json = response.get(&quot;value&quot;, None)<br/>            if value_json and isinstance(value_json, str):<br/>                import json<br/>    <br/>                try:<br/>                    value = json.loads(value_json)<br/>                    if len(value) == 1:<br/>                        value = value[&quot;value&quot;]<br/>                    status = value.get(&quot;error&quot;, None)<br/>                    if not status:<br/>                        status = value.get(&quot;status&quot;, ErrorCode.UNKNOWN_ERROR)<br/>                        message = value.get(&quot;value&quot;) or value.get(&quot;message&quot;)<br/>                        if not isinstance(message, str):<br/>                            value = message<br/>                            message = message.get(&quot;message&quot;)<br/>                    else:<br/>                        message = value.get(&quot;message&quot;, None)<br/>                except ValueError:<br/>                    pass<br/>    <br/>        exception_class: Type[WebDriverException]<br/>        if status in ErrorCode.NO_SUCH_ELEMENT:<br/>            exception_class = NoSuchElementException<br/>        elif status in ErrorCode.NO_SUCH_FRAME:<br/>            exception_class = NoSuchFrameException<br/>        elif status in ErrorCode.NO_SUCH_SHADOW_ROOT:<br/>            exception_class = NoSuchShadowRootException<br/>        elif status in ErrorCode.NO_SUCH_WINDOW:<br/>            exception_class = NoSuchWindowException<br/>        elif status in ErrorCode.STALE_ELEMENT_REFERENCE:<br/>            exception_class = StaleElementReferenceException<br/>        elif status in ErrorCode.ELEMENT_NOT_VISIBLE:<br/>            exception_class = ElementNotVisibleException<br/>        elif status in ErrorCode.INVALID_ELEMENT_STATE:<br/>            exception_class = InvalidElementStateException<br/>        elif (<br/>            status in ErrorCode.INVALID_SELECTOR<br/>            or status in ErrorCode.INVALID_XPATH_SELECTOR<br/>            or status in ErrorCode.INVALID_XPATH_SELECTOR_RETURN_TYPER<br/>        ):<br/>            exception_class = InvalidSelectorException<br/>        elif status in ErrorCode.ELEMENT_IS_NOT_SELECTABLE:<br/>            exception_class = ElementNotSelectableException<br/>        elif status in ErrorCode.ELEMENT_NOT_INTERACTABLE:<br/>            exception_class = ElementNotInteractableException<br/>        elif status in ErrorCode.INVALID_COOKIE_DOMAIN:<br/>            exception_class = InvalidCookieDomainException<br/>        elif status in ErrorCode.UNABLE_TO_SET_COOKIE:<br/>            exception_class = UnableToSetCookieException<br/>        elif status in ErrorCode.TIMEOUT:<br/>            exception_class = TimeoutException<br/>        elif status in ErrorCode.SCRIPT_TIMEOUT:<br/>            exception_class = TimeoutException<br/>        elif status in ErrorCode.UNKNOWN_ERROR:<br/>            exception_class = WebDriverException<br/>        elif status in ErrorCode.UNEXPECTED_ALERT_OPEN:<br/>            exception_class = UnexpectedAlertPresentException<br/>        elif status in ErrorCode.NO_ALERT_OPEN:<br/>            exception_class = NoAlertPresentException<br/>        elif status in ErrorCode.IME_NOT_AVAILABLE:<br/>            exception_class = ImeNotAvailableException<br/>        elif status in ErrorCode.IME_ENGINE_ACTIVATION_FAILED:<br/>            exception_class = ImeActivationFailedException<br/>        elif status in ErrorCode.MOVE_TARGET_OUT_OF_BOUNDS:<br/>            exception_class = MoveTargetOutOfBoundsException<br/>        elif status in ErrorCode.JAVASCRIPT_ERROR:<br/>            exception_class = JavascriptException<br/>        elif status in ErrorCode.SESSION_NOT_CREATED:<br/>            exception_class = SessionNotCreatedException<br/>        elif status in ErrorCode.INVALID_ARGUMENT:<br/>            exception_class = InvalidArgumentException<br/>        elif status in ErrorCode.NO_SUCH_COOKIE:<br/>            exception_class = NoSuchCookieException<br/>        elif status in ErrorCode.UNABLE_TO_CAPTURE_SCREEN:<br/>            exception_class = ScreenshotException<br/>        elif status in ErrorCode.ELEMENT_CLICK_INTERCEPTED:<br/>            exception_class = ElementClickInterceptedException<br/>        elif status in ErrorCode.INSECURE_CERTIFICATE:<br/>            exception_class = InsecureCertificateException<br/>        elif status in ErrorCode.INVALID_COORDINATES:<br/>            exception_class = InvalidCoordinatesException<br/>        elif status in ErrorCode.INVALID_SESSION_ID:<br/>            exception_class = InvalidSessionIdException<br/>        elif status in ErrorCode.UNKNOWN_METHOD:<br/>            exception_class = UnknownMethodException<br/>        else:<br/>            exception_class = WebDriverException<br/>        if not value:<br/>            value = response[&quot;value&quot;]<br/>        if isinstance(value, str):<br/>            raise exception_class(value)<br/>        if message == &quot;&quot; and &quot;message&quot; in value:<br/>            message = value[&quot;message&quot;]<br/>    <br/>        screen = None  # type: ignore[assignment]<br/>        if &quot;screen&quot; in value:<br/>            screen = value[&quot;screen&quot;]<br/>    <br/>        stacktrace = None<br/>        st_value = value.get(&quot;stackTrace&quot;) or value.get(&quot;stacktrace&quot;)<br/>        if st_value:<br/>            if isinstance(st_value, str):<br/>                stacktrace = st_value.split(&quot;\n&quot;)<br/>            else:<br/>                stacktrace = []<br/>                try:<br/>                    for frame in st_value:<br/>                        line = frame.get(&quot;lineNumber&quot;, &quot;&quot;)<br/>                        file = frame.get(&quot;fileName&quot;, &quot;&lt;anonymous&gt;&quot;)<br/>                        if line:<br/>                            file = f&quot;{file}:{line}&quot;<br/>                        meth = frame.get(&quot;methodName&quot;, &quot;&lt;anonymous&gt;&quot;)<br/>                        if &quot;className&quot; in frame:<br/>                            meth = f&quot;{frame[&#x27;className&#x27;]}.{meth}&quot;<br/>                        msg = &quot;    at %s (%s)&quot;<br/>                        msg = msg % (meth, file)<br/>                        stacktrace.append(msg)<br/>                except TypeError:<br/>                    pass<br/>        if exception_class == UnexpectedAlertPresentException:<br/>            alert_text = None<br/>            if &quot;data&quot; in value:<br/>                alert_text = value[&quot;data&quot;].get(&quot;text&quot;)<br/>            elif &quot;alert&quot; in value:<br/>                alert_text = value[&quot;alert&quot;].get(&quot;text&quot;)<br/>            raise exception_class(message, screen, stacktrace, alert_text)  # type: ignore[call-arg]  # mypy is not smart enough here<br/>&gt;       raise exception_class(message, screen, stacktrace)<br/><span class="error">E       selenium.common.exceptions.NoSuchElementException: Message: no such element: Unable to locate element: {&quot;method&quot;:&quot;xpath&quot;,&quot;selector&quot;:&quot;//span[normalize-space()=&#x27;PIM&#x27;]&quot;}</span><br/><span class="error">E         (Session info: headless chrome=115.0.5790.170); For documentation on this error, please visit: https://www.selenium.dev/documentation/webdriver/troubleshooting/errors#no-such-element-exception</span><br/><span class="error">E       Stacktrace:</span><br/><span class="error">E       Backtrace:</span><br/><span class="error">E       	GetHandleVerifier [0x00007FF708F03E62+57250]</span><br/><span class="error">E       	(No symbol) [0x00007FF708E7BC02]</span><br/><span class="error">E       	(No symbol) [0x00007FF708D4E0BB]</span><br/><span class="error">E       	(No symbol) [0x00007FF708D8765E]</span><br/><span class="error">E       	(No symbol) [0x00007FF708D8774C]</span><br/><span class="error">E       	(No symbol) [0x00007FF708DC0267]</span><br/><span class="error">E       	(No symbol) [0x00007FF708DA67EF]</span><br/><span class="error">E       	(No symbol) [0x00007FF708DBE312]</span><br/><span class="error">E       	(No symbol) [0x00007FF708DA6583]</span><br/><span class="error">E       	(No symbol) [0x00007FF708D7CC71]</span><br/><span class="error">E       	(No symbol) [0x00007FF708D7DE54]</span><br/><span class="error">E       	GetHandleVerifier [0x00007FF7091B4CF2+2879026]</span><br/><span class="error">E       	GetHandleVerifier [0x00007FF709206F30+3215472]</span><br/><span class="error">E       	GetHandleVerifier [0x00007FF7091FFD4F+3186319]</span><br/><span class="error">E       	GetHandleVerifier [0x00007FF708F95505+652869]</span><br/><span class="error">E       	(No symbol) [0x00007FF708E87518]</span><br/><span class="error">E       	(No symbol) [0x00007FF708E835F4]</span><br/><span class="error">E       	(No symbol) [0x00007FF708E836EC]</span><br/><span class="error">E       	(No symbol) [0x00007FF708E738E3]</span><br/><span class="error">E       	BaseThreadInitThunk [0x00007FFF328D26AD+29]</span><br/><span class="error">E       	RtlUserThreadStart [0x00007FFF32BEAA68+40]</span><br/><br/>C:\Users\princ\AppData\Local\Programs\Python\Python311\Lib\site-packages\selenium\webdriver\remote\errorhandler.py:245: NoSuchElementException<br/> -------------------------------Captured log call-------------------------------- <br/>INFO     Test_ReadCommonValues:test_Login_Params.py:50 test_AddEmp_008 is started
INFO     Test_ReadCommonValues:test_Login_Params.py:52 Opening Browser
INFO     Test_ReadCommonValues:test_Login_Params.py:54 Going to this URL--&gt;https://opensource-demo.orangehrmlive.com/web/index.php/auth/login
INFO     Test_ReadCommonValues:test_Login_Params.py:57 Entering Username--&gt;Admin
INFO     Test_ReadCommonValues:test_Login_Params.py:59 Entering Password--&gt;admin1234
INFO     Test_ReadCommonValues:test_Login_Params.py:61 Click Login Button<br/></div></td></tr></tbody>
      <tbody class="failed results-table-row">
        <tr>
          <td class="col-result">Failed</td>
          <td class="col-name">testCases/test_Login_Params.py::Test_ReadCommonValues::test_AddEmp_008[getDataForLogin3]</td>
          <td class="col-duration">24.09</td>
          <td class="col-links"></td></tr>
        <tr>
          <td class="extra" colspan="4">
            <div class="log">self = &lt;testCases.test_Login_Params.Test_ReadCommonValues object at 0x0000024346165C90&gt;<br/>setup = &lt;selenium.webdriver.chrome.webdriver.WebDriver (session=&quot;473ef1ccfafa164353015e0d5ac85ef8&quot;)&gt;, getDataForLogin = (&#x27;Admin1&#x27;, &#x27;admin1234&#x27;)<br/><br/>        self.driver.close()<br/>    <br/>    def test_AddEmp_008(self, setup, getDataForLogin):<br/>        self.driver = setup<br/>        self.log.info(&quot;test_AddEmp_008 is started&quot;)<br/>        self.driver.get(self.url)<br/>        self.log.info(&quot;Opening Browser&quot;)<br/>        self.lp = LoginPage(self.driver)<br/>        self.log.info(&quot;Going to this URL--&gt;&quot; + self.url)<br/>        self.ae = Add_Emp(self.driver)<br/>        self.lp.enter_Username(getDataForLogin[0])<br/>        self.log.info(&quot;Entering Username--&gt;&quot; + getDataForLogin[0])<br/>        self.lp.enter_Password(getDataForLogin[1])<br/>        self.log.info(&quot;Entering Password--&gt;&quot; + getDataForLogin[1])<br/>        self.lp.click_Login()<br/>&gt;       self.log.info(&quot;Click Login Button&quot;)<br/><br/>testCases\test_Login_Params.py:63: <br/>_ _ _ _ _ _ _ _ _ _ _ _ _ _ _ _ _ _ _ _ _ _ _ _ _ _ _ _ _ _ _ _ _ _ _ _ _ _ _ _ <br/>PageObject\AddEmpPage.py:20: in click_PIM<br/>    self.driver.find_element(*Add_Emp.XPATH_PIM).click()<br/>C:\Users\princ\AppData\Local\Programs\Python\Python311\Lib\site-packages\selenium\webdriver\remote\webdriver.py:740: in find_element<br/>    return self.execute(Command.FIND_ELEMENT, {&quot;using&quot;: by, &quot;value&quot;: value})[&quot;value&quot;]<br/>C:\Users\princ\AppData\Local\Programs\Python\Python311\Lib\site-packages\selenium\webdriver\remote\webdriver.py:346: in execute<br/>    self.error_handler.check_response(response)<br/>_ _ _ _ _ _ _ _ _ _ _ _ _ _ _ _ _ _ _ _ _ _ _ _ _ _ _ _ _ _ _ _ _ _ _ _ _ _ _ _ <br/><br/>self = &lt;selenium.webdriver.remote.errorhandler.ErrorHandler object at 0x0000024346233850&gt;<br/>response = {&#x27;status&#x27;: 404, &#x27;value&#x27;: &#x27;{&quot;value&quot;:{&quot;error&quot;:&quot;no such element&quot;,&quot;message&quot;:&quot;no such element: Unable to locate element: {\...07FF708E738E3]\\n\\tBaseThreadInitThunk [0x00007FFF328D26AD+29]\\n\\tRtlUserThreadStart [0x00007FFF32BEAA68+40]\\n&quot;}}&#x27;}<br/><br/>    def check_response(self, response: Dict[str, Any]) -&gt; None:<br/>        &quot;&quot;&quot;Checks that a JSON response from the WebDriver does not have an<br/>        error.<br/>    <br/>        :Args:<br/>         - response - The JSON response from the WebDriver server as a dictionary<br/>           object.<br/>    <br/>        :Raises: If the response contains an error message.<br/>        &quot;&quot;&quot;<br/>        status = response.get(&quot;status&quot;, None)<br/>        if not status or status == ErrorCode.SUCCESS:<br/>            return<br/>        value = None<br/>        message = response.get(&quot;message&quot;, &quot;&quot;)<br/>        screen: str = response.get(&quot;screen&quot;, &quot;&quot;)<br/>        stacktrace = None<br/>        if isinstance(status, int):<br/>            value_json = response.get(&quot;value&quot;, None)<br/>            if value_json and isinstance(value_json, str):<br/>                import json<br/>    <br/>                try:<br/>                    value = json.loads(value_json)<br/>                    if len(value) == 1:<br/>                        value = value[&quot;value&quot;]<br/>                    status = value.get(&quot;error&quot;, None)<br/>                    if not status:<br/>                        status = value.get(&quot;status&quot;, ErrorCode.UNKNOWN_ERROR)<br/>                        message = value.get(&quot;value&quot;) or value.get(&quot;message&quot;)<br/>                        if not isinstance(message, str):<br/>                            value = message<br/>                            message = message.get(&quot;message&quot;)<br/>                    else:<br/>                        message = value.get(&quot;message&quot;, None)<br/>                except ValueError:<br/>                    pass<br/>    <br/>        exception_class: Type[WebDriverException]<br/>        if status in ErrorCode.NO_SUCH_ELEMENT:<br/>            exception_class = NoSuchElementException<br/>        elif status in ErrorCode.NO_SUCH_FRAME:<br/>            exception_class = NoSuchFrameException<br/>        elif status in ErrorCode.NO_SUCH_SHADOW_ROOT:<br/>            exception_class = NoSuchShadowRootException<br/>        elif status in ErrorCode.NO_SUCH_WINDOW:<br/>            exception_class = NoSuchWindowException<br/>        elif status in ErrorCode.STALE_ELEMENT_REFERENCE:<br/>            exception_class = StaleElementReferenceException<br/>        elif status in ErrorCode.ELEMENT_NOT_VISIBLE:<br/>            exception_class = ElementNotVisibleException<br/>        elif status in ErrorCode.INVALID_ELEMENT_STATE:<br/>            exception_class = InvalidElementStateException<br/>        elif (<br/>            status in ErrorCode.INVALID_SELECTOR<br/>            or status in ErrorCode.INVALID_XPATH_SELECTOR<br/>            or status in ErrorCode.INVALID_XPATH_SELECTOR_RETURN_TYPER<br/>        ):<br/>            exception_class = InvalidSelectorException<br/>        elif status in ErrorCode.ELEMENT_IS_NOT_SELECTABLE:<br/>            exception_class = ElementNotSelectableException<br/>        elif status in ErrorCode.ELEMENT_NOT_INTERACTABLE:<br/>            exception_class = ElementNotInteractableException<br/>        elif status in ErrorCode.INVALID_COOKIE_DOMAIN:<br/>            exception_class = InvalidCookieDomainException<br/>        elif status in ErrorCode.UNABLE_TO_SET_COOKIE:<br/>            exception_class = UnableToSetCookieException<br/>        elif status in ErrorCode.TIMEOUT:<br/>            exception_class = TimeoutException<br/>        elif status in ErrorCode.SCRIPT_TIMEOUT:<br/>            exception_class = TimeoutException<br/>        elif status in ErrorCode.UNKNOWN_ERROR:<br/>            exception_class = WebDriverException<br/>        elif status in ErrorCode.UNEXPECTED_ALERT_OPEN:<br/>            exception_class = UnexpectedAlertPresentException<br/>        elif status in ErrorCode.NO_ALERT_OPEN:<br/>            exception_class = NoAlertPresentException<br/>        elif status in ErrorCode.IME_NOT_AVAILABLE:<br/>            exception_class = ImeNotAvailableException<br/>        elif status in ErrorCode.IME_ENGINE_ACTIVATION_FAILED:<br/>            exception_class = ImeActivationFailedException<br/>        elif status in ErrorCode.MOVE_TARGET_OUT_OF_BOUNDS:<br/>            exception_class = MoveTargetOutOfBoundsException<br/>        elif status in ErrorCode.JAVASCRIPT_ERROR:<br/>            exception_class = JavascriptException<br/>        elif status in ErrorCode.SESSION_NOT_CREATED:<br/>            exception_class = SessionNotCreatedException<br/>        elif status in ErrorCode.INVALID_ARGUMENT:<br/>            exception_class = InvalidArgumentException<br/>        elif status in ErrorCode.NO_SUCH_COOKIE:<br/>            exception_class = NoSuchCookieException<br/>        elif status in ErrorCode.UNABLE_TO_CAPTURE_SCREEN:<br/>            exception_class = ScreenshotException<br/>        elif status in ErrorCode.ELEMENT_CLICK_INTERCEPTED:<br/>            exception_class = ElementClickInterceptedException<br/>        elif status in ErrorCode.INSECURE_CERTIFICATE:<br/>            exception_class = InsecureCertificateException<br/>        elif status in ErrorCode.INVALID_COORDINATES:<br/>            exception_class = InvalidCoordinatesException<br/>        elif status in ErrorCode.INVALID_SESSION_ID:<br/>            exception_class = InvalidSessionIdException<br/>        elif status in ErrorCode.UNKNOWN_METHOD:<br/>            exception_class = UnknownMethodException<br/>        else:<br/>            exception_class = WebDriverException<br/>        if not value:<br/>            value = response[&quot;value&quot;]<br/>        if isinstance(value, str):<br/>            raise exception_class(value)<br/>        if message == &quot;&quot; and &quot;message&quot; in value:<br/>            message = value[&quot;message&quot;]<br/>    <br/>        screen = None  # type: ignore[assignment]<br/>        if &quot;screen&quot; in value:<br/>            screen = value[&quot;screen&quot;]<br/>    <br/>        stacktrace = None<br/>        st_value = value.get(&quot;stackTrace&quot;) or value.get(&quot;stacktrace&quot;)<br/>        if st_value:<br/>            if isinstance(st_value, str):<br/>                stacktrace = st_value.split(&quot;\n&quot;)<br/>            else:<br/>                stacktrace = []<br/>                try:<br/>                    for frame in st_value:<br/>                        line = frame.get(&quot;lineNumber&quot;, &quot;&quot;)<br/>                        file = frame.get(&quot;fileName&quot;, &quot;&lt;anonymous&gt;&quot;)<br/>                        if line:<br/>                            file = f&quot;{file}:{line}&quot;<br/>                        meth = frame.get(&quot;methodName&quot;, &quot;&lt;anonymous&gt;&quot;)<br/>                        if &quot;className&quot; in frame:<br/>                            meth = f&quot;{frame[&#x27;className&#x27;]}.{meth}&quot;<br/>                        msg = &quot;    at %s (%s)&quot;<br/>                        msg = msg % (meth, file)<br/>                        stacktrace.append(msg)<br/>                except TypeError:<br/>                    pass<br/>        if exception_class == UnexpectedAlertPresentException:<br/>            alert_text = None<br/>            if &quot;data&quot; in value:<br/>                alert_text = value[&quot;data&quot;].get(&quot;text&quot;)<br/>            elif &quot;alert&quot; in value:<br/>                alert_text = value[&quot;alert&quot;].get(&quot;text&quot;)<br/>            raise exception_class(message, screen, stacktrace, alert_text)  # type: ignore[call-arg]  # mypy is not smart enough here<br/>&gt;       raise exception_class(message, screen, stacktrace)<br/><span class="error">E       selenium.common.exceptions.NoSuchElementException: Message: no such element: Unable to locate element: {&quot;method&quot;:&quot;xpath&quot;,&quot;selector&quot;:&quot;//span[normalize-space()=&#x27;PIM&#x27;]&quot;}</span><br/><span class="error">E         (Session info: headless chrome=115.0.5790.170); For documentation on this error, please visit: https://www.selenium.dev/documentation/webdriver/troubleshooting/errors#no-such-element-exception</span><br/><span class="error">E       Stacktrace:</span><br/><span class="error">E       Backtrace:</span><br/><span class="error">E       	GetHandleVerifier [0x00007FF708F03E62+57250]</span><br/><span class="error">E       	(No symbol) [0x00007FF708E7BC02]</span><br/><span class="error">E       	(No symbol) [0x00007FF708D4E0BB]</span><br/><span class="error">E       	(No symbol) [0x00007FF708D8765E]</span><br/><span class="error">E       	(No symbol) [0x00007FF708D8774C]</span><br/><span class="error">E       	(No symbol) [0x00007FF708DC0267]</span><br/><span class="error">E       	(No symbol) [0x00007FF708DA67EF]</span><br/><span class="error">E       	(No symbol) [0x00007FF708DBE312]</span><br/><span class="error">E       	(No symbol) [0x00007FF708DA6583]</span><br/><span class="error">E       	(No symbol) [0x00007FF708D7CC71]</span><br/><span class="error">E       	(No symbol) [0x00007FF708D7DE54]</span><br/><span class="error">E       	GetHandleVerifier [0x00007FF7091B4CF2+2879026]</span><br/><span class="error">E       	GetHandleVerifier [0x00007FF709206F30+3215472]</span><br/><span class="error">E       	GetHandleVerifier [0x00007FF7091FFD4F+3186319]</span><br/><span class="error">E       	GetHandleVerifier [0x00007FF708F95505+652869]</span><br/><span class="error">E       	(No symbol) [0x00007FF708E87518]</span><br/><span class="error">E       	(No symbol) [0x00007FF708E835F4]</span><br/><span class="error">E       	(No symbol) [0x00007FF708E836EC]</span><br/><span class="error">E       	(No symbol) [0x00007FF708E738E3]</span><br/><span class="error">E       	BaseThreadInitThunk [0x00007FFF328D26AD+29]</span><br/><span class="error">E       	RtlUserThreadStart [0x00007FFF32BEAA68+40]</span><br/><br/>C:\Users\princ\AppData\Local\Programs\Python\Python311\Lib\site-packages\selenium\webdriver\remote\errorhandler.py:245: NoSuchElementException<br/> -------------------------------Captured log call-------------------------------- <br/>INFO     Test_ReadCommonValues:test_Login_Params.py:50 test_AddEmp_008 is started
INFO     Test_ReadCommonValues:test_Login_Params.py:52 Opening Browser
INFO     Test_ReadCommonValues:test_Login_Params.py:54 Going to this URL--&gt;https://opensource-demo.orangehrmlive.com/web/index.php/auth/login
INFO     Test_ReadCommonValues:test_Login_Params.py:57 Entering Username--&gt;Admin1
INFO     Test_ReadCommonValues:test_Login_Params.py:59 Entering Password--&gt;admin1234
INFO     Test_ReadCommonValues:test_Login_Params.py:61 Click Login Button<br/></div></td></tr></tbody>
      <tbody class="passed results-table-row">
        <tr>
          <td class="col-result">Passed</td>
          <td class="col-name">testCases/test_Login_Params.py::Test_ReadCommonValues::test_login_008[getDataForLogin0]</td>
          <td class="col-duration">15.07</td>
          <td class="col-links"></td></tr>
        <tr>
          <td class="extra" colspan="4">
            <div class="log"> ------------------------------Captured stdout call------------------------------ <br/>test_login_008 is Completed
<br/> -------------------------------Captured log call-------------------------------- <br/>INFO     Test_ReadCommonValues:test_Login_Params.py:15 test_login_008 is started
INFO     Test_ReadCommonValues:test_Login_Params.py:17 Opening Browser
INFO     Test_ReadCommonValues:test_Login_Params.py:19 Going to this URL--&gt;https://opensource-demo.orangehrmlive.com/web/index.php/auth/login
INFO     Test_ReadCommonValues:test_Login_Params.py:21 Entering Username--&gt;Admin
INFO     Test_ReadCommonValues:test_Login_Params.py:23 Entering Password--&gt;admin123
INFO     Test_ReadCommonValues:test_Login_Params.py:25 Click on Login Button
INFO     Test_ReadCommonValues:test_Login_Params.py:29 Click on Menu Button
INFO     Test_ReadCommonValues:test_Login_Params.py:31 Click on Logout Button
INFO     Test_ReadCommonValues:test_Login_Params.py:33 test_login_008 is Passed
INFO     Test_ReadCommonValues:test_Login_Params.py:38 test_login_008 is Completed
INFO     Test_ReadCommonValues:test_Login_Params.py:41 info
WARNING  Test_ReadCommonValues:test_Login_Params.py:42 warning
ERROR    Test_ReadCommonValues:test_Login_Params.py:44 error
CRITICAL Test_ReadCommonValues:test_Login_Params.py:45 critical<br/></div></td></tr></tbody>
      <tbody class="passed results-table-row">
        <tr>
          <td class="col-result">Passed</td>
          <td class="col-name">testCases/test_Login_Params.py::Test_ReadCommonValues::test_AddEmp_008[getDataForLogin0]</td>
          <td class="col-duration">23.57</td>
          <td class="col-links"></td></tr>
        <tr>
          <td class="extra" colspan="4">
            <div class="log"> ------------------------------Captured stdout call------------------------------ <br/>test_AddEmp_008 is Completed
<br/> -------------------------------Captured log call-------------------------------- <br/>INFO     Test_ReadCommonValues:test_Login_Params.py:50 test_AddEmp_008 is started
INFO     Test_ReadCommonValues:test_Login_Params.py:52 Opening Browser
INFO     Test_ReadCommonValues:test_Login_Params.py:54 Going to this URL--&gt;https://opensource-demo.orangehrmlive.com/web/index.php/auth/login
INFO     Test_ReadCommonValues:test_Login_Params.py:57 Entering Username--&gt;Admin
INFO     Test_ReadCommonValues:test_Login_Params.py:59 Entering Password--&gt;admin123
INFO     Test_ReadCommonValues:test_Login_Params.py:61 Click Login Button
INFO     Test_ReadCommonValues:test_Login_Params.py:64 Click on PIM Menu
INFO     Test_ReadCommonValues:test_Login_Params.py:66 Click on Add Button
INFO     Test_ReadCommonValues:test_Login_Params.py:68 Enter First Name
INFO     Test_ReadCommonValues:test_Login_Params.py:70 Enter Last Name
INFO     Test_ReadCommonValues:test_Login_Params.py:72 Click on Submit Button
INFO     Test_ReadCommonValues:test_Login_Params.py:75 Employee Added Successfully
INFO     Test_ReadCommonValues:test_Login_Params.py:76 test_AddEmp_008 is Passed
INFO     Test_ReadCommonValues:test_Login_Params.py:78 Click on Menu Dropdown
INFO     Test_ReadCommonValues:test_Login_Params.py:80 Click on Logout Button
INFO     Test_ReadCommonValues:test_Login_Params.py:86 test_AddEmp_008 is Completed<br/></div></td></tr></tbody></table></body></html>